0 info it worked if it ends with ok
1 verbose cli [ '/usr/bin/node', '/usr/bin/npm', 'restart' ]
2 info using npm@3.5.2
3 info using node@v8.10.0
4 verbose run-script [ 'prerestart', 'restart', 'postrestart' ]
5 info lifecycle subir_archivos@1.0.0~prerestart: subir_archivos@1.0.0
6 silly lifecycle subir_archivos@1.0.0~prerestart: no script for prerestart, continuing
7 info lifecycle subir_archivos@1.0.0~restart: subir_archivos@1.0.0
8 verbose lifecycle subir_archivos@1.0.0~restart: unsafe-perm in lifecycle true
9 verbose lifecycle subir_archivos@1.0.0~restart: PATH: /usr/share/npm/bin/node-gyp-bin:/var/www/html/node_js/modulos_npm/subir_archivos/node_modules/.bin:/home/javier/.rbenv/plugins/ruby-build/bin:/home/javier/.rbenv/shims:/home/javier/.rbenv/bin:/usr/local/sbin:/usr/local/bin:/usr/sbin:/usr/bin:/sbin:/bin:/usr/games:/usr/local/games:/snap/bin
10 verbose lifecycle subir_archivos@1.0.0~restart: CWD: /var/www/html/node_js/modulos_npm/subir_archivos
11 silly lifecycle subir_archivos@1.0.0~restart: Args: [ '-c', 'supervisor uploader.js' ]
12 silly lifecycle subir_archivos@1.0.0~restart: Returned: code: 1  signal: null
13 info lifecycle subir_archivos@1.0.0~restart: Failed to exec restart script
14 verbose stack Error: subir_archivos@1.0.0 restart: `supervisor uploader.js`
14 verbose stack Exit status 1
14 verbose stack     at EventEmitter.<anonymous> (/usr/share/npm/lib/utils/lifecycle.js:232:16)
14 verbose stack     at emitTwo (events.js:126:13)
14 verbose stack     at EventEmitter.emit (events.js:214:7)
14 verbose stack     at ChildProcess.<anonymous> (/usr/share/npm/lib/utils/spawn.js:24:14)
14 verbose stack     at emitTwo (events.js:126:13)
14 verbose stack     at ChildProcess.emit (events.js:214:7)
14 verbose stack     at maybeClose (internal/child_process.js:925:16)
14 verbose stack     at Process.ChildProcess._handle.onexit (internal/child_process.js:209:5)
15 verbose pkgid subir_archivos@1.0.0
16 verbose cwd /var/www/html/node_js/modulos_npm/subir_archivos
17 error Linux 4.15.0-36-generic
18 error argv "/usr/bin/node" "/usr/bin/npm" "restart"
19 error node v8.10.0
20 error npm  v3.5.2
21 error code ELIFECYCLE
22 error subir_archivos@1.0.0 restart: `supervisor uploader.js`
22 error Exit status 1
23 error Failed at the subir_archivos@1.0.0 restart script 'supervisor uploader.js'.
23 error Make sure you have the latest version of node.js and npm installed.
23 error If you do, this is most likely a problem with the subir_archivos package,
23 error not with npm itself.
23 error Tell the author that this fails on your system:
23 error     supervisor uploader.js
23 error You can get information on how to open an issue for this project with:
23 error     npm bugs subir_archivos
23 error Or if that isn't available, you can get their info via:
23 error     npm owner ls subir_archivos
23 error There is likely additional logging output above.
24 verbose exit [ 1, true ]
